[2.842s] DEBUG:colcon:Command line arguments: ['/usr/bin/colcon', 'build']
[2.842s] DEBUG:colcon:Parsed command line arguments: Namespace(log_base=None, log_level=None, verb_name='build', build_base='build', install_base='install', merge_install=False, symlink_install=False, test_result_base=None, continue_on_error=False, executor='parallel', parallel_workers=8, event_handlers=None, ignore_user_meta=False, metas=['./colcon.meta'], base_paths=['.'], packages_ignore=None, packages_ignore_regex=None, paths=None, packages_up_to=None, packages_up_to_regex=None, packages_above=None, packages_above_and_dependencies=None, packages_above_depth=None, packages_select_by_dep=None, packages_skip_by_dep=None, packages_skip_up_to=None, packages_select_build_failed=False, packages_skip_build_finished=False, packages_select_test_failures=False, packages_skip_test_passed=False, packages_select=None, packages_skip=None, packages_select_regex=None, packages_skip_regex=None, packages_start=None, packages_end=None, allow_overriding=[], cmake_args=None, cmake_target=None, cmake_target_skip_unavailable=False, cmake_clean_cache=False, cmake_clean_first=False, cmake_force_configure=False, ament_cmake_args=None, catkin_cmake_args=None, catkin_skip_building_tests=False, verb_parser=<colcon_defaults.argument_parser.defaults.DefaultArgumentsDecorator object at 0x7f03b449fa30>, verb_extension=<colcon_core.verb.build.BuildVerb object at 0x7f03b4ddeef0>, main=<bound method BuildVerb.main of <colcon_core.verb.build.BuildVerb object at 0x7f03b4ddeef0>>)
[2.963s] Level 1:colcon.colcon_core.package_discovery:discover_packages(colcon_meta) check parameters
[2.963s] Level 1:colcon.colcon_core.package_discovery:discover_packages(recursive) check parameters
[2.963s] Level 1:colcon.colcon_core.package_discovery:discover_packages(ignore) check parameters
[2.963s] Level 1:colcon.colcon_core.package_discovery:discover_packages(path) check parameters
[2.963s] Level 1:colcon.colcon_core.package_discovery:discover_packages(colcon_meta) discover
[2.963s] Level 1:colcon.colcon_core.package_discovery:discover_packages(recursive) discover
[2.963s] INFO:colcon.colcon_core.package_discovery:Crawling recursively for packages in '/home/jpu/microros'
[2.964s] Level 1:colcon.colcon_core.package_identification:_identify(.) by extensions ['ignore', 'ignore_ament_install']
[2.964s] Level 1:colcon.colcon_core.package_identification:_identify(.) by extension 'ignore'
[2.964s] Level 1:colcon.colcon_core.package_identification:_identify(.) by extension 'ignore_ament_install'
[2.964s] Level 1:colcon.colcon_core.package_identification:_identify(.) by extensions ['colcon_pkg']
[2.964s] Level 1:colcon.colcon_core.package_identification:_identify(.) by extension 'colcon_pkg'
[2.964s] Level 1:colcon.colcon_core.package_identification:_identify(.) by extensions ['colcon_meta']
[2.964s] Level 1:colcon.colcon_core.package_identification:_identify(.) by extension 'colcon_meta'
[2.964s] Level 1:colcon.colcon_core.package_identification:_identify(.) by extensions ['ros']
[2.965s] Level 1:colcon.colcon_core.package_identification:_identify(.) by extension 'ros'
[2.995s] Level 1:colcon.colcon_core.package_identification:_identify(.) by extensions ['cmake', 'python']
[2.995s] Level 1:colcon.colcon_core.package_identification:_identify(.) by extension 'cmake'
[2.995s] Level 1:colcon.colcon_core.package_identification:_identify(.) by extension 'python'
[2.996s] Level 1:colcon.colcon_core.package_identification:_identify(.) by extensions ['python_setup_py']
[2.996s] Level 1:colcon.colcon_core.package_identification:_identify(.) by extension 'python_setup_py'
[2.996s] Level 1:colcon.colcon_core.package_identification:_identify(build) by extensions ['ignore', 'ignore_ament_install']
[2.996s] Level 1:colcon.colcon_core.package_identification:_identify(build) by extension 'ignore'
[2.996s] Level 1:colcon.colcon_core.package_identification:_identify(build) ignored
[2.997s] Level 1:colcon.colcon_core.package_identification:_identify(install) by extensions ['ignore', 'ignore_ament_install']
[2.997s] Level 1:colcon.colcon_core.package_identification:_identify(install) by extension 'ignore'
[2.997s] Level 1:colcon.colcon_core.package_identification:_identify(install) ignored
[2.997s] Level 1:colcon.colcon_core.package_identification:_identify(log) by extensions ['ignore', 'ignore_ament_install']
[2.998s] Level 1:colcon.colcon_core.package_identification:_identify(log) by extension 'ignore'
[2.998s] Level 1:colcon.colcon_core.package_identification:_identify(log) ignored
[2.998s] Level 1:colcon.colcon_core.package_identification:_identify(src) by extensions ['ignore', 'ignore_ament_install']
[2.998s] Level 1:colcon.colcon_core.package_identification:_identify(src) by extension 'ignore'
[2.999s] Level 1:colcon.colcon_core.package_identification:_identify(src) by extension 'ignore_ament_install'
[2.999s] Level 1:colcon.colcon_core.package_identification:_identify(src) by extensions ['colcon_pkg']
[2.999s] Level 1:colcon.colcon_core.package_identification:_identify(src) by extension 'colcon_pkg'
[2.999s] Level 1:colcon.colcon_core.package_identification:_identify(src) by extensions ['colcon_meta']
[2.999s] Level 1:colcon.colcon_core.package_identification:_identify(src) by extension 'colcon_meta'
[2.999s] Level 1:colcon.colcon_core.package_identification:_identify(src) by extensions ['ros']
[2.999s] Level 1:colcon.colcon_core.package_identification:_identify(src) by extension 'ros'
[3.000s] Level 1:colcon.colcon_core.package_identification:_identify(src) by extensions ['cmake', 'python']
[3.000s] Level 1:colcon.colcon_core.package_identification:_identify(src) by extension 'cmake'
[3.000s] Level 1:colcon.colcon_core.package_identification:_identify(src) by extension 'python'
[3.000s] Level 1:colcon.colcon_core.package_identification:_identify(src) by extensions ['python_setup_py']
[3.000s] Level 1:colcon.colcon_core.package_identification:_identify(src) by extension 'python_setup_py'
[3.001s] Level 1:colcon.colcon_core.package_identification:_identify(src/micro_ros_setup) by extensions ['ignore', 'ignore_ament_install']
[3.001s] Level 1:colcon.colcon_core.package_identification:_identify(src/micro_ros_setup) by extension 'ignore'
[3.001s] Level 1:colcon.colcon_core.package_identification:_identify(src/micro_ros_setup) by extension 'ignore_ament_install'
[3.002s] Level 1:colcon.colcon_core.package_identification:_identify(src/micro_ros_setup) by extensions ['colcon_pkg']
[3.002s] Level 1:colcon.colcon_core.package_identification:_identify(src/micro_ros_setup) by extension 'colcon_pkg'
[3.002s] Level 1:colcon.colcon_core.package_identification:_identify(src/micro_ros_setup) by extensions ['colcon_meta']
[3.002s] Level 1:colcon.colcon_core.package_identification:_identify(src/micro_ros_setup) by extension 'colcon_meta'
[3.002s] Level 1:colcon.colcon_core.package_identification:_identify(src/micro_ros_setup) by extensions ['ros']
[3.002s] Level 1:colcon.colcon_core.package_identification:_identify(src/micro_ros_setup) by extension 'ros'
[3.011s] DEBUG:colcon.colcon_core.package_identification:Package 'src/micro_ros_setup' with type 'ros.ament_cmake' and name 'micro_ros_setup'
[3.011s] Level 1:colcon.colcon_core.package_discovery:discover_packages(recursive) using defaults
[3.011s] Level 1:colcon.colcon_core.package_discovery:discover_packages(ignore) discover
[3.011s] Level 1:colcon.colcon_core.package_discovery:discover_packages(ignore) using defaults
[3.011s] Level 1:colcon.colcon_core.package_discovery:discover_packages(path) discover
[3.011s] Level 1:colcon.colcon_core.package_discovery:discover_packages(path) using defaults
[3.268s] Level 1:colcon.colcon_core.package_discovery:discover_packages(prefix_path) check parameters
[3.268s] Level 1:colcon.colcon_core.package_discovery:discover_packages(prefix_path) discover
[3.350s] DEBUG:colcon.colcon_installed_package_information.package_discovery:Found 1 installed packages in /home/jpu/microros_ws/install
[3.392s] DEBUG:colcon.colcon_installed_package_information.package_discovery:Found 270 installed packages in /opt/ros/humble
[3.397s] Level 1:colcon.colcon_core.package_discovery:discover_packages(prefix_path) using defaults
[3.684s] Level 5:colcon.colcon_core.verb:set package 'micro_ros_setup' build argument 'cmake_args' from command line to 'None'
[3.684s] Level 5:colcon.colcon_core.verb:set package 'micro_ros_setup' build argument 'cmake_target' from command line to 'None'
[3.684s] Level 5:colcon.colcon_core.verb:set package 'micro_ros_setup' build argument 'cmake_target_skip_unavailable' from command line to 'False'
[3.684s] Level 5:colcon.colcon_core.verb:set package 'micro_ros_setup' build argument 'cmake_clean_cache' from command line to 'False'
[3.684s] Level 5:colcon.colcon_core.verb:set package 'micro_ros_setup' build argument 'cmake_clean_first' from command line to 'False'
[3.684s] Level 5:colcon.colcon_core.verb:set package 'micro_ros_setup' build argument 'cmake_force_configure' from command line to 'False'
[3.685s] Level 5:colcon.colcon_core.verb:set package 'micro_ros_setup' build argument 'ament_cmake_args' from command line to 'None'
[3.685s] Level 5:colcon.colcon_core.verb:set package 'micro_ros_setup' build argument 'catkin_cmake_args' from command line to 'None'
[3.685s] Level 5:colcon.colcon_core.verb:set package 'micro_ros_setup' build argument 'catkin_skip_building_tests' from command line to 'False'
[3.685s] DEBUG:colcon.colcon_core.verb:Building package 'micro_ros_setup' with the following arguments: {'ament_cmake_args': None, 'build_base': '/home/jpu/microros/build/micro_ros_setup', 'catkin_cmake_args': None, 'catkin_skip_building_tests': False, 'cmake_args': None, 'cmake_clean_cache': False, 'cmake_clean_first': False, 'cmake_force_configure': False, 'cmake_target': None, 'cmake_target_skip_unavailable': False, 'install_base': '/home/jpu/microros/install/micro_ros_setup', 'merge_install': False, 'path': '/home/jpu/microros/src/micro_ros_setup', 'symlink_install': False, 'test_result_base': None}
[3.727s] INFO:colcon.colcon_core.executor:Executing jobs using 'parallel' executor
[3.771s] DEBUG:colcon.colcon_parallel_executor.executor.parallel:run_until_complete
[3.772s] INFO:colcon.colcon_ros.task.ament_cmake.build:Building ROS package in '/home/jpu/microros/src/micro_ros_setup' with build type 'ament_cmake'
[3.772s] INFO:colcon.colcon_cmake.task.cmake.build:Building CMake package in '/home/jpu/microros/src/micro_ros_setup'
[3.821s] INFO:colcon.colcon_core.plugin_system:Skipping extension 'colcon_core.shell.bat': Not used on non-Windows systems
[3.822s] INFO:colcon.colcon_core.shell:Skip shell extension 'powershell' for command environment: Not usable outside of PowerShell
[3.822s] DEBUG:colcon.colcon_core.shell:Skip shell extension 'dsv' for command environment
[3.977s] DEBUG:colcon.colcon_core.event_handler.log_command:Invoking command in '/home/jpu/microros/build/micro_ros_setup': CMAKE_PREFIX_PATH=${CMAKE_PREFIX_PATH}:/opt/ros/humble /usr/bin/cmake /home/jpu/microros/src/micro_ros_setup -DCMAKE_INSTALL_PREFIX=/home/jpu/microros/install/micro_ros_setup
[6.152s] DEBUG:colcon.colcon_core.event_handler.log_command:Invoked command in '/home/jpu/microros/build/micro_ros_setup' returned '0': CMAKE_PREFIX_PATH=${CMAKE_PREFIX_PATH}:/opt/ros/humble /usr/bin/cmake /home/jpu/microros/src/micro_ros_setup -DCMAKE_INSTALL_PREFIX=/home/jpu/microros/install/micro_ros_setup
[6.154s] DEBUG:colcon.colcon_core.event_handler.log_command:Invoking command in '/home/jpu/microros/build/micro_ros_setup': CMAKE_PREFIX_PATH=${CMAKE_PREFIX_PATH}:/opt/ros/humble /usr/bin/cmake --build /home/jpu/microros/build/micro_ros_setup -- -j8 -l8
[6.255s] DEBUG:colcon.colcon_core.event_handler.log_command:Invoked command in '/home/jpu/microros/build/micro_ros_setup' returned '0': CMAKE_PREFIX_PATH=${CMAKE_PREFIX_PATH}:/opt/ros/humble /usr/bin/cmake --build /home/jpu/microros/build/micro_ros_setup -- -j8 -l8
[6.344s] DEBUG:colcon.colcon_core.event_handler.log_command:Invoking command in '/home/jpu/microros/build/micro_ros_setup': CMAKE_PREFIX_PATH=${CMAKE_PREFIX_PATH}:/opt/ros/humble /usr/bin/cmake --install /home/jpu/microros/build/micro_ros_setup
[6.443s] Level 1:colcon.colcon_core.environment:create_environment_scripts_only(micro_ros_setup)
[6.444s] DEBUG:colcon.colcon_core.event_handler.log_command:Invoked command in '/home/jpu/microros/build/micro_ros_setup' returned '0': CMAKE_PREFIX_PATH=${CMAKE_PREFIX_PATH}:/opt/ros/humble /usr/bin/cmake --install /home/jpu/microros/build/micro_ros_setup
[6.493s] Level 1:colcon.colcon_core.environment:checking '/home/jpu/microros/install/micro_ros_setup' for CMake module files
[6.495s] Level 1:colcon.colcon_core.environment:checking '/home/jpu/microros/install/micro_ros_setup' for CMake config files
[6.497s] Level 1:colcon.colcon_core.shell:create_environment_hook('micro_ros_setup', 'cmake_prefix_path')
[6.543s] INFO:colcon.colcon_core.shell:Creating environment hook '/home/jpu/microros/install/micro_ros_setup/share/micro_ros_setup/hook/cmake_prefix_path.ps1'
[6.545s] INFO:colcon.colcon_core.shell:Creating environment descriptor '/home/jpu/microros/install/micro_ros_setup/share/micro_ros_setup/hook/cmake_prefix_path.dsv'
[6.546s] INFO:colcon.colcon_core.shell:Creating environment hook '/home/jpu/microros/install/micro_ros_setup/share/micro_ros_setup/hook/cmake_prefix_path.sh'
[6.548s] Level 1:colcon.colcon_core.environment:checking '/home/jpu/microros/install/micro_ros_setup/lib'
[6.548s] Level 1:colcon.colcon_core.environment:checking '/home/jpu/microros/install/micro_ros_setup/bin'
[6.548s] Level 1:colcon.colcon_core.environment:checking '/home/jpu/microros/install/micro_ros_setup/lib/pkgconfig/micro_ros_setup.pc'
[6.549s] Level 1:colcon.colcon_core.environment:checking '/home/jpu/microros/install/micro_ros_setup/lib/python3.10/site-packages'
[6.549s] Level 1:colcon.colcon_core.environment:checking '/home/jpu/microros/install/micro_ros_setup/bin'
[6.593s] INFO:colcon.colcon_core.shell:Creating package script '/home/jpu/microros/install/micro_ros_setup/share/micro_ros_setup/package.ps1'
[6.595s] INFO:colcon.colcon_core.shell:Creating package descriptor '/home/jpu/microros/install/micro_ros_setup/share/micro_ros_setup/package.dsv'
[6.596s] INFO:colcon.colcon_core.shell:Creating package script '/home/jpu/microros/install/micro_ros_setup/share/micro_ros_setup/package.sh'
[6.598s] INFO:colcon.colcon_core.shell:Creating package script '/home/jpu/microros/install/micro_ros_setup/share/micro_ros_setup/package.bash'
[6.600s] INFO:colcon.colcon_core.shell:Creating package script '/home/jpu/microros/install/micro_ros_setup/share/micro_ros_setup/package.zsh'
[6.602s] Level 1:colcon.colcon_core.environment:create_file_with_runtime_dependencies(/home/jpu/microros/install/micro_ros_setup/share/colcon-core/packages/micro_ros_setup)
[6.704s] Level 1:colcon.colcon_core.environment:create_environment_scripts_only(micro_ros_setup)
[6.744s] Level 1:colcon.colcon_core.environment:checking '/home/jpu/microros/install/micro_ros_setup' for CMake module files
[6.746s] Level 1:colcon.colcon_core.environment:checking '/home/jpu/microros/install/micro_ros_setup' for CMake config files
[6.748s] Level 1:colcon.colcon_core.shell:create_environment_hook('micro_ros_setup', 'cmake_prefix_path')
[6.787s] INFO:colcon.colcon_core.shell:Creating environment hook '/home/jpu/microros/install/micro_ros_setup/share/micro_ros_setup/hook/cmake_prefix_path.ps1'
[6.788s] INFO:colcon.colcon_core.shell:Creating environment descriptor '/home/jpu/microros/install/micro_ros_setup/share/micro_ros_setup/hook/cmake_prefix_path.dsv'
[6.789s] INFO:colcon.colcon_core.shell:Creating environment hook '/home/jpu/microros/install/micro_ros_setup/share/micro_ros_setup/hook/cmake_prefix_path.sh'
[6.790s] Level 1:colcon.colcon_core.environment:checking '/home/jpu/microros/install/micro_ros_setup/lib'
[6.790s] Level 1:colcon.colcon_core.environment:checking '/home/jpu/microros/install/micro_ros_setup/bin'
[6.791s] Level 1:colcon.colcon_core.environment:checking '/home/jpu/microros/install/micro_ros_setup/lib/pkgconfig/micro_ros_setup.pc'
[6.791s] Level 1:colcon.colcon_core.environment:checking '/home/jpu/microros/install/micro_ros_setup/lib/python3.10/site-packages'
[6.792s] Level 1:colcon.colcon_core.environment:checking '/home/jpu/microros/install/micro_ros_setup/bin'
[6.831s] INFO:colcon.colcon_core.shell:Creating package script '/home/jpu/microros/install/micro_ros_setup/share/micro_ros_setup/package.ps1'
[6.832s] INFO:colcon.colcon_core.shell:Creating package descriptor '/home/jpu/microros/install/micro_ros_setup/share/micro_ros_setup/package.dsv'
[6.833s] INFO:colcon.colcon_core.shell:Creating package script '/home/jpu/microros/install/micro_ros_setup/share/micro_ros_setup/package.sh'
[6.834s] INFO:colcon.colcon_core.shell:Creating package script '/home/jpu/microros/install/micro_ros_setup/share/micro_ros_setup/package.bash'
[6.835s] INFO:colcon.colcon_core.shell:Creating package script '/home/jpu/microros/install/micro_ros_setup/share/micro_ros_setup/package.zsh'
[6.836s] Level 1:colcon.colcon_core.environment:create_file_with_runtime_dependencies(/home/jpu/microros/install/micro_ros_setup/share/colcon-core/packages/micro_ros_setup)
[6.837s] DEBUG:colcon.colcon_parallel_executor.executor.parallel:closing loop
[6.838s] DEBUG:colcon.colcon_parallel_executor.executor.parallel:loop closed
[6.838s] DEBUG:colcon.colcon_parallel_executor.executor.parallel:run_until_complete finished with '0'
[6.839s] DEBUG:colcon.colcon_core.event_reactor:joining thread
[6.892s] INFO:colcon.colcon_core.plugin_system:Skipping extension 'colcon_notification.desktop_notification.terminal_notifier': Not used on non-Darwin systems
[6.892s] INFO:colcon.colcon_core.plugin_system:Skipping extension 'colcon_notification.desktop_notification.win32': Not used on non-Windows systems
[6.892s] INFO:colcon.colcon_notification.desktop_notification:Sending desktop notification using 'notify2'
[6.919s] DEBUG:colcon.colcon_core.event_reactor:joined thread
[6.964s] INFO:colcon.colcon_core.shell:Creating prefix script '/home/jpu/microros/install/local_setup.ps1'
[6.967s] INFO:colcon.colcon_core.shell:Creating prefix util module '/home/jpu/microros/install/_local_setup_util_ps1.py'
[6.972s] INFO:colcon.colcon_core.shell:Creating prefix chain script '/home/jpu/microros/install/setup.ps1'
[7.020s] INFO:colcon.colcon_core.shell:Creating prefix script '/home/jpu/microros/install/local_setup.sh'
[7.022s] INFO:colcon.colcon_core.shell:Creating prefix util module '/home/jpu/microros/install/_local_setup_util_sh.py'
[7.023s] INFO:colcon.colcon_core.shell:Creating prefix chain script '/home/jpu/microros/install/setup.sh'
[7.074s] INFO:colcon.colcon_core.shell:Creating prefix script '/home/jpu/microros/install/local_setup.bash'
[7.075s] INFO:colcon.colcon_core.shell:Creating prefix chain script '/home/jpu/microros/install/setup.bash'
[7.121s] INFO:colcon.colcon_core.shell:Creating prefix script '/home/jpu/microros/install/local_setup.zsh'
[7.123s] INFO:colcon.colcon_core.shell:Creating prefix chain script '/home/jpu/microros/install/setup.zsh'
