[0.257s] Invoking command in '/home/jpu/microros/build/micro_ros_msgs': CMAKE_PREFIX_PATH=${CMAKE_PREFIX_PATH}:/opt/ros/humble /usr/bin/cmake /home/jpu/microros/src/uros/micro_ros_msgs -DUAGENT_BUILD_EXECUTABLE=OFF -DUAGENT_P2P_PROFILE=OFF --no-warn-unused-cli -DCMAKE_INSTALL_PREFIX=/home/jpu/microros/install/micro_ros_msgs
[0.273s] Not searching for unused variables given on the command line.
[0.401s] -- The C compiler identification is GNU 11.4.0
[0.558s] -- The CXX compiler identification is GNU 11.4.0
[0.578s] -- Detecting C compiler ABI info
[0.757s] -- Detecting C compiler ABI info - done
[0.782s] -- Check for working C compiler: /usr/bin/cc - skipped
[0.783s] -- Detecting C compile features
[0.784s] -- Detecting C compile features - done
[0.793s] -- Detecting CXX compiler ABI info
[1.010s] -- Detecting CXX compiler ABI info - done
[1.036s] -- Check for working CXX compiler: /usr/bin/c++ - skipped
[1.036s] -- Detecting CXX compile features
[1.038s] -- Detecting CXX compile features - done
[1.044s] -- Found ament_cmake: 1.3.5 (/opt/ros/humble/share/ament_cmake/cmake)
[1.473s] -- Found Python3: /usr/bin/python3.10 (found version "3.10.12") found components: Interpreter 
[1.695s] -- Found rosidl_default_generators: 1.2.0 (/opt/ros/humble/share/rosidl_default_generators/cmake)
[1.711s] -- Using all available rosidl_typesupport_c: rosidl_typesupport_fastrtps_c;rosidl_typesupport_introspection_c
[1.736s] -- Found rosidl_adapter: 3.1.5 (/opt/ros/humble/share/rosidl_adapter/cmake)
[1.942s] -- Using all available rosidl_typesupport_cpp: rosidl_typesupport_fastrtps_cpp;rosidl_typesupport_introspection_cpp
[2.080s] -- Found ament_lint_auto: 0.12.8 (/opt/ros/humble/share/ament_lint_auto/cmake)
[2.789s] -- Found ament_cmake_ros: 0.10.0 (/opt/ros/humble/share/ament_cmake_ros/cmake)
[3.287s] -- Using all available rosidl_typesupport_c: rosidl_typesupport_fastrtps_c;rosidl_typesupport_introspection_c
[3.936s] -- Using all available rosidl_typesupport_cpp: rosidl_typesupport_fastrtps_cpp;rosidl_typesupport_introspection_cpp
[3.991s] -- Found PythonInterp: /usr/bin/python3 (found suitable version "3.10.12", minimum required is "3.6") 
[3.997s] -- Found python_cmake_module: 0.10.0 (/opt/ros/humble/share/python_cmake_module/cmake)
[4.078s] -- Found PythonLibs: /usr/lib/x86_64-linux-gnu/libpython3.10.so (found suitable version "3.10.12", minimum required is "3.5") 
[4.078s] -- Using PYTHON_EXECUTABLE: /usr/bin/python3
[4.078s] -- Using PYTHON_INCLUDE_DIRS: /usr/include/python3.10
[4.078s] -- Using PYTHON_LIBRARIES: /usr/lib/x86_64-linux-gnu/libpython3.10.so
[4.130s] -- Found PythonExtra: .so  
[4.226s] -- Added test 'copyright' to check source files copyright and LICENSE
[4.253s] -- Added test 'lint_cmake' to check CMake code style
[4.266s] -- Added test 'xmllint' to check XML markup files
[4.288s] -- Configuring done
[4.387s] -- Generating done
[4.395s] -- Build files have been written to: /home/jpu/microros/build/micro_ros_msgs
[4.413s] Invoked command in '/home/jpu/microros/build/micro_ros_msgs' returned '0': CMAKE_PREFIX_PATH=${CMAKE_PREFIX_PATH}:/opt/ros/humble /usr/bin/cmake /home/jpu/microros/src/uros/micro_ros_msgs -DUAGENT_BUILD_EXECUTABLE=OFF -DUAGENT_P2P_PROFILE=OFF --no-warn-unused-cli -DCMAKE_INSTALL_PREFIX=/home/jpu/microros/install/micro_ros_msgs
[4.418s] Invoking command in '/home/jpu/microros/build/micro_ros_msgs': CMAKE_PREFIX_PATH=${CMAKE_PREFIX_PATH}:/opt/ros/humble /usr/bin/cmake --build /home/jpu/microros/build/micro_ros_msgs -- -j8 -l8
[4.528s] [  2%] [34m[1mGenerating C code for ROS interfaces[0m
[4.557s] [  4%] [34m[1mGenerating C++ code for ROS interfaces[0m
[4.576s] [  4%] Built target ament_cmake_python_copy_micro_ros_msgs
[5.342s] running egg_info
[5.344s] creating micro_ros_msgs.egg-info
[5.344s] writing micro_ros_msgs.egg-info/PKG-INFO
[5.345s] writing dependency_links to micro_ros_msgs.egg-info/dependency_links.txt
[5.345s] writing top-level names to micro_ros_msgs.egg-info/top_level.txt
[5.346s] writing manifest file 'micro_ros_msgs.egg-info/SOURCES.txt'
[5.352s] reading manifest file 'micro_ros_msgs.egg-info/SOURCES.txt'
[5.353s] writing manifest file 'micro_ros_msgs.egg-info/SOURCES.txt'
[5.433s] [  4%] Built target ament_cmake_python_build_micro_ros_msgs_egg
[5.892s] [  4%] Built target micro_ros_msgs__cpp
[5.931s] [  6%] [34m[1mGenerating C++ type support for eProsima Fast-RTPS[0m
[5.935s] [  8%] [34m[1mGenerating C++ introspection for ROS interfaces[0m
[5.950s] [ 10%] [34m[1mGenerating C++ type support dispatch for ROS interfaces[0m
[6.010s] [ 12%] [32mBuilding C object CMakeFiles/micro_ros_msgs__rosidl_generator_c.dir/rosidl_generator_c/micro_ros_msgs/msg/detail/graph__functions.c.o[0m
[6.011s] [ 14%] [32mBuilding C object CMakeFiles/micro_ros_msgs__rosidl_generator_c.dir/rosidl_generator_c/micro_ros_msgs/msg/detail/node__functions.c.o[0m
[6.011s] [ 17%] [32mBuilding C object CMakeFiles/micro_ros_msgs__rosidl_generator_c.dir/rosidl_generator_c/micro_ros_msgs/msg/detail/entity__functions.c.o[0m
[6.205s] [ 19%] [32m[1mLinking C shared library libmicro_ros_msgs__rosidl_generator_c.so[0m
[6.325s] [ 19%] Built target micro_ros_msgs__rosidl_generator_c
[6.351s] [ 21%] [34m[1mGenerating C type support for eProsima Fast-RTPS[0m
[6.353s] [ 23%] [34m[1mGenerating C type support dispatch for ROS interfaces[0m
[6.357s] [ 25%] [34m[1mGenerating C introspection for ROS interfaces[0m
[6.996s] [ 29%] [32mBuilding CXX object CMakeFiles/micro_ros_msgs__rosidl_typesupport_cpp.dir/rosidl_typesupport_cpp/micro_ros_msgs/msg/graph__type_support.cpp.o[0m
[6.999s] [ 29%] [32mBuilding CXX object CMakeFiles/micro_ros_msgs__rosidl_typesupport_cpp.dir/rosidl_typesupport_cpp/micro_ros_msgs/msg/node__type_support.cpp.o[0m
[7.018s] [ 31%] [32mBuilding CXX object CMakeFiles/micro_ros_msgs__rosidl_typesupport_cpp.dir/rosidl_typesupport_cpp/micro_ros_msgs/msg/entity__type_support.cpp.o[0m
[7.193s] [ 34%] [32mBuilding CXX object CMakeFiles/micro_ros_msgs__rosidl_typesupport_introspection_cpp.dir/rosidl_typesupport_introspection_cpp/micro_ros_msgs/msg/detail/graph__type_support.cpp.o[0m
[7.339s] [ 36%] [32mBuilding CXX object CMakeFiles/micro_ros_msgs__rosidl_typesupport_fastrtps_cpp.dir/rosidl_typesupport_fastrtps_cpp/micro_ros_msgs/msg/detail/dds_fastrtps/graph__type_support.cpp.o[0m
[7.511s] [ 38%] [32mBuilding CXX object CMakeFiles/micro_ros_msgs__rosidl_typesupport_c.dir/rosidl_typesupport_c/micro_ros_msgs/msg/graph__type_support.cpp.o[0m
[7.611s] [ 40%] [32mBuilding CXX object CMakeFiles/micro_ros_msgs__rosidl_typesupport_c.dir/rosidl_typesupport_c/micro_ros_msgs/msg/node__type_support.cpp.o[0m
[7.704s] [ 42%] [32mBuilding CXX object CMakeFiles/micro_ros_msgs__rosidl_typesupport_c.dir/rosidl_typesupport_c/micro_ros_msgs/msg/entity__type_support.cpp.o[0m
[7.740s] [ 44%] [32mBuilding C object CMakeFiles/micro_ros_msgs__rosidl_typesupport_introspection_c.dir/rosidl_typesupport_introspection_c/micro_ros_msgs/msg/detail/graph__type_support.c.o[0m
[7.815s] [ 46%] [32m[1mLinking CXX shared library libmicro_ros_msgs__rosidl_typesupport_c.so[0m
[7.817s] [ 48%] [32mBuilding CXX object CMakeFiles/micro_ros_msgs__rosidl_typesupport_fastrtps_c.dir/rosidl_typesupport_fastrtps_c/micro_ros_msgs/msg/detail/graph__type_support_c.cpp.o[0m
[7.906s] [ 51%] [32mBuilding C object CMakeFiles/micro_ros_msgs__rosidl_typesupport_introspection_c.dir/rosidl_typesupport_introspection_c/micro_ros_msgs/msg/detail/node__type_support.c.o[0m
[7.962s] [ 53%] [32mBuilding CXX object CMakeFiles/micro_ros_msgs__rosidl_typesupport_fastrtps_cpp.dir/rosidl_typesupport_fastrtps_cpp/micro_ros_msgs/msg/detail/dds_fastrtps/node__type_support.cpp.o[0m
[7.972s] [ 55%] [32mBuilding CXX object CMakeFiles/micro_ros_msgs__rosidl_typesupport_fastrtps_cpp.dir/rosidl_typesupport_fastrtps_cpp/micro_ros_msgs/msg/detail/dds_fastrtps/entity__type_support.cpp.o[0m
[7.994s] [ 57%] [32m[1mLinking CXX shared library libmicro_ros_msgs__rosidl_typesupport_cpp.so[0m
[7.995s] [ 57%] Built target micro_ros_msgs__rosidl_typesupport_c
[8.017s] [ 59%] [32mBuilding C object CMakeFiles/micro_ros_msgs__rosidl_typesupport_introspection_c.dir/rosidl_typesupport_introspection_c/micro_ros_msgs/msg/detail/entity__type_support.c.o[0m
[8.052s] [ 61%] [32mBuilding CXX object CMakeFiles/micro_ros_msgs__rosidl_typesupport_fastrtps_c.dir/rosidl_typesupport_fastrtps_c/micro_ros_msgs/msg/detail/node__type_support_c.cpp.o[0m
[8.116s] [ 63%] [32m[1mLinking C shared library libmicro_ros_msgs__rosidl_typesupport_introspection_c.so[0m
[8.144s] [ 63%] Built target micro_ros_msgs__rosidl_typesupport_cpp
[8.167s] [ 65%] [32mBuilding CXX object CMakeFiles/micro_ros_msgs__rosidl_typesupport_fastrtps_c.dir/rosidl_typesupport_fastrtps_c/micro_ros_msgs/msg/detail/entity__type_support_c.cpp.o[0m
[8.336s] [ 65%] Built target micro_ros_msgs__rosidl_typesupport_introspection_c
[8.364s] [ 68%] [32mBuilding CXX object CMakeFiles/micro_ros_msgs__rosidl_typesupport_introspection_cpp.dir/rosidl_typesupport_introspection_cpp/micro_ros_msgs/msg/detail/node__type_support.cpp.o[0m
[8.691s] [ 70%] [32mBuilding CXX object CMakeFiles/micro_ros_msgs__rosidl_typesupport_introspection_cpp.dir/rosidl_typesupport_introspection_cpp/micro_ros_msgs/msg/detail/entity__type_support.cpp.o[0m
[9.134s] [ 72%] [32m[1mLinking CXX shared library libmicro_ros_msgs__rosidl_typesupport_fastrtps_c.so[0m
[9.135s] [ 74%] [32m[1mLinking CXX shared library libmicro_ros_msgs__rosidl_typesupport_fastrtps_cpp.so[0m
[9.391s] [ 74%] Built target micro_ros_msgs__rosidl_typesupport_fastrtps_cpp
[9.412s] [ 74%] Built target micro_ros_msgs__rosidl_typesupport_fastrtps_c
[9.778s] [ 76%] [32m[1mLinking CXX shared library libmicro_ros_msgs__rosidl_typesupport_introspection_cpp.so[0m
[10.068s] [ 76%] Built target micro_ros_msgs__rosidl_typesupport_introspection_cpp
[10.122s] [ 76%] Built target micro_ros_msgs
[10.178s] [ 78%] [34m[1mGenerating Python code for ROS interfaces[0m
[11.947s] [ 78%] Built target micro_ros_msgs__py
[12.001s] [ 80%] [32mBuilding C object CMakeFiles/micro_ros_msgs__rosidl_generator_py.dir/rosidl_generator_py/micro_ros_msgs/msg/_graph_s.c.o[0m
[12.002s] [ 82%] [32mBuilding C object CMakeFiles/micro_ros_msgs__rosidl_generator_py.dir/rosidl_generator_py/micro_ros_msgs/msg/_entity_s.c.o[0m
[12.002s] [ 85%] [32mBuilding C object CMakeFiles/micro_ros_msgs__rosidl_generator_py.dir/rosidl_generator_py/micro_ros_msgs/msg/_node_s.c.o[0m
[12.347s] [ 87%] [32m[1mLinking C shared library rosidl_generator_py/micro_ros_msgs/libmicro_ros_msgs__rosidl_generator_py.so[0m
[12.470s] [ 87%] Built target micro_ros_msgs__rosidl_generator_py
[12.527s] [ 89%] [32mBuilding C object CMakeFiles/micro_ros_msgs__rosidl_typesupport_fastrtps_c__pyext.dir/rosidl_generator_py/micro_ros_msgs/_micro_ros_msgs_s.ep.rosidl_typesupport_fastrtps_c.c.o[0m
[12.527s] [ 93%] [32mBuilding C object CMakeFiles/micro_ros_msgs__rosidl_typesupport_introspection_c__pyext.dir/rosidl_generator_py/micro_ros_msgs/_micro_ros_msgs_s.ep.rosidl_typesupport_introspection_c.c.o[0m
[12.527s] [ 93%] [32mBuilding C object CMakeFiles/micro_ros_msgs__rosidl_typesupport_c__pyext.dir/rosidl_generator_py/micro_ros_msgs/_micro_ros_msgs_s.ep.rosidl_typesupport_c.c.o[0m
[12.770s] [ 95%] [32m[1mLinking C shared library rosidl_generator_py/micro_ros_msgs/micro_ros_msgs_s__rosidl_typesupport_introspection_c.cpython-310-x86_64-linux-gnu.so[0m
[12.772s] [ 97%] [32m[1mLinking C shared library rosidl_generator_py/micro_ros_msgs/micro_ros_msgs_s__rosidl_typesupport_c.cpython-310-x86_64-linux-gnu.so[0m
[12.796s] [100%] [32m[1mLinking C shared library rosidl_generator_py/micro_ros_msgs/micro_ros_msgs_s__rosidl_typesupport_fastrtps_c.cpython-310-x86_64-linux-gnu.so[0m
[12.873s] [100%] Built target micro_ros_msgs__rosidl_typesupport_introspection_c__pyext
[12.874s] [100%] Built target micro_ros_msgs__rosidl_typesupport_c__pyext
[12.900s] [100%] Built target micro_ros_msgs__rosidl_typesupport_fastrtps_c__pyext
[12.934s] Invoked command in '/home/jpu/microros/build/micro_ros_msgs' returned '0': CMAKE_PREFIX_PATH=${CMAKE_PREFIX_PATH}:/opt/ros/humble /usr/bin/cmake --build /home/jpu/microros/build/micro_ros_msgs -- -j8 -l8
[13.248s] Invoking command in '/home/jpu/microros/build/micro_ros_msgs': CMAKE_PREFIX_PATH=${CMAKE_PREFIX_PATH}:/opt/ros/humble /usr/bin/cmake --install /home/jpu/microros/build/micro_ros_msgs
[13.269s] -- Install configuration: ""
[13.270s] -- Installing: /home/jpu/microros/install/micro_ros_msgs/share/ament_index/resource_index/rosidl_interfaces/micro_ros_msgs
[13.271s] -- Installing: /home/jpu/microros/install/micro_ros_msgs/include/micro_ros_msgs/micro_ros_msgs
[13.271s] -- Installing: /home/jpu/microros/install/micro_ros_msgs/include/micro_ros_msgs/micro_ros_msgs/msg
[13.271s] -- Installing: /home/jpu/microros/install/micro_ros_msgs/include/micro_ros_msgs/micro_ros_msgs/msg/rosidl_generator_c__visibility_control.h
[13.272s] -- Installing: /home/jpu/microros/install/micro_ros_msgs/include/micro_ros_msgs/micro_ros_msgs/msg/graph.h
[13.272s] -- Installing: /home/jpu/microros/install/micro_ros_msgs/include/micro_ros_msgs/micro_ros_msgs/msg/detail
[13.273s] -- Installing: /home/jpu/microros/install/micro_ros_msgs/include/micro_ros_msgs/micro_ros_msgs/msg/detail/entity__functions.h
[13.273s] -- Installing: /home/jpu/microros/install/micro_ros_msgs/include/micro_ros_msgs/micro_ros_msgs/msg/detail/graph__functions.h
[13.273s] -- Installing: /home/jpu/microros/install/micro_ros_msgs/include/micro_ros_msgs/micro_ros_msgs/msg/detail/entity__type_support.h
[13.274s] -- Installing: /home/jpu/microros/install/micro_ros_msgs/include/micro_ros_msgs/micro_ros_msgs/msg/detail/node__type_support.h
[13.274s] -- Installing: /home/jpu/microros/install/micro_ros_msgs/include/micro_ros_msgs/micro_ros_msgs/msg/detail/node__struct.h
[13.274s] -- Installing: /home/jpu/microros/install/micro_ros_msgs/include/micro_ros_msgs/micro_ros_msgs/msg/detail/node__functions.h
[13.275s] -- Installing: /home/jpu/microros/install/micro_ros_msgs/include/micro_ros_msgs/micro_ros_msgs/msg/detail/entity__functions.c
[13.275s] -- Installing: /home/jpu/microros/install/micro_ros_msgs/include/micro_ros_msgs/micro_ros_msgs/msg/detail/graph__type_support.h
[13.276s] -- Installing: /home/jpu/microros/install/micro_ros_msgs/include/micro_ros_msgs/micro_ros_msgs/msg/detail/graph__functions.c
[13.276s] -- Installing: /home/jpu/microros/install/micro_ros_msgs/include/micro_ros_msgs/micro_ros_msgs/msg/detail/graph__struct.h
[13.276s] -- Installing: /home/jpu/microros/install/micro_ros_msgs/include/micro_ros_msgs/micro_ros_msgs/msg/detail/node__functions.c
[13.277s] -- Installing: /home/jpu/microros/install/micro_ros_msgs/include/micro_ros_msgs/micro_ros_msgs/msg/detail/entity__struct.h
[13.277s] -- Installing: /home/jpu/microros/install/micro_ros_msgs/include/micro_ros_msgs/micro_ros_msgs/msg/node.h
[13.278s] -- Installing: /home/jpu/microros/install/micro_ros_msgs/include/micro_ros_msgs/micro_ros_msgs/msg/entity.h
[13.278s] -- Installing: /home/jpu/microros/install/micro_ros_msgs/share/micro_ros_msgs/environment/library_path.sh
[13.279s] -- Installing: /home/jpu/microros/install/micro_ros_msgs/share/micro_ros_msgs/environment/library_path.dsv
[13.280s] -- Installing: /home/jpu/microros/install/micro_ros_msgs/lib/libmicro_ros_msgs__rosidl_generator_c.so
[13.281s] -- Set runtime path of "/home/jpu/microros/install/micro_ros_msgs/lib/libmicro_ros_msgs__rosidl_generator_c.so" to ""
[13.281s] -- Up-to-date: /home/jpu/microros/install/micro_ros_msgs/include/micro_ros_msgs/micro_ros_msgs
[13.281s] -- Up-to-date: /home/jpu/microros/install/micro_ros_msgs/include/micro_ros_msgs/micro_ros_msgs/msg
[13.282s] -- Up-to-date: /home/jpu/microros/install/micro_ros_msgs/include/micro_ros_msgs/micro_ros_msgs/msg/detail
[13.282s] -- Installing: /home/jpu/microros/install/micro_ros_msgs/include/micro_ros_msgs/micro_ros_msgs/msg/detail/graph__rosidl_typesupport_fastrtps_c.h
[13.282s] -- Installing: /home/jpu/microros/install/micro_ros_msgs/include/micro_ros_msgs/micro_ros_msgs/msg/detail/entity__rosidl_typesupport_fastrtps_c.h
[13.282s] -- Installing: /home/jpu/microros/install/micro_ros_msgs/include/micro_ros_msgs/micro_ros_msgs/msg/detail/node__rosidl_typesupport_fastrtps_c.h
[13.283s] -- Installing: /home/jpu/microros/install/micro_ros_msgs/include/micro_ros_msgs/micro_ros_msgs/msg/rosidl_typesupport_fastrtps_c__visibility_control.h
[13.283s] -- Installing: /home/jpu/microros/install/micro_ros_msgs/lib/libmicro_ros_msgs__rosidl_typesupport_fastrtps_c.so
[13.284s] -- Set runtime path of "/home/jpu/microros/install/micro_ros_msgs/lib/libmicro_ros_msgs__rosidl_typesupport_fastrtps_c.so" to ""
[13.284s] -- Up-to-date: /home/jpu/microros/install/micro_ros_msgs/include/micro_ros_msgs/micro_ros_msgs
[13.285s] -- Up-to-date: /home/jpu/microros/install/micro_ros_msgs/include/micro_ros_msgs/micro_ros_msgs/msg
[13.285s] -- Installing: /home/jpu/microros/install/micro_ros_msgs/include/micro_ros_msgs/micro_ros_msgs/msg/rosidl_typesupport_introspection_c__visibility_control.h
[13.285s] -- Up-to-date: /home/jpu/microros/install/micro_ros_msgs/include/micro_ros_msgs/micro_ros_msgs/msg/detail
[13.285s] -- Installing: /home/jpu/microros/install/micro_ros_msgs/include/micro_ros_msgs/micro_ros_msgs/msg/detail/node__type_support.c
[13.286s] -- Installing: /home/jpu/microros/install/micro_ros_msgs/include/micro_ros_msgs/micro_ros_msgs/msg/detail/graph__rosidl_typesupport_introspection_c.h
[13.286s] -- Installing: /home/jpu/microros/install/micro_ros_msgs/include/micro_ros_msgs/micro_ros_msgs/msg/detail/node__rosidl_typesupport_introspection_c.h
[13.287s] -- Installing: /home/jpu/microros/install/micro_ros_msgs/include/micro_ros_msgs/micro_ros_msgs/msg/detail/entity__rosidl_typesupport_introspection_c.h
[13.287s] -- Installing: /home/jpu/microros/install/micro_ros_msgs/include/micro_ros_msgs/micro_ros_msgs/msg/detail/graph__type_support.c
[13.288s] -- Installing: /home/jpu/microros/install/micro_ros_msgs/include/micro_ros_msgs/micro_ros_msgs/msg/detail/entity__type_support.c
[13.288s] -- Installing: /home/jpu/microros/install/micro_ros_msgs/lib/libmicro_ros_msgs__rosidl_typesupport_introspection_c.so
[13.289s] -- Set runtime path of "/home/jpu/microros/install/micro_ros_msgs/lib/libmicro_ros_msgs__rosidl_typesupport_introspection_c.so" to ""
[13.290s] -- Installing: /home/jpu/microros/install/micro_ros_msgs/lib/libmicro_ros_msgs__rosidl_typesupport_c.so
[13.291s] -- Set runtime path of "/home/jpu/microros/install/micro_ros_msgs/lib/libmicro_ros_msgs__rosidl_typesupport_c.so" to ""
[13.291s] -- Up-to-date: /home/jpu/microros/install/micro_ros_msgs/include/micro_ros_msgs/micro_ros_msgs
[13.291s] -- Up-to-date: /home/jpu/microros/install/micro_ros_msgs/include/micro_ros_msgs/micro_ros_msgs/msg
[13.292s] -- Installing: /home/jpu/microros/install/micro_ros_msgs/include/micro_ros_msgs/micro_ros_msgs/msg/node.hpp
[13.292s] -- Up-to-date: /home/jpu/microros/install/micro_ros_msgs/include/micro_ros_msgs/micro_ros_msgs/msg/detail
[13.292s] -- Installing: /home/jpu/microros/install/micro_ros_msgs/include/micro_ros_msgs/micro_ros_msgs/msg/detail/entity__builder.hpp
[13.292s] -- Installing: /home/jpu/microros/install/micro_ros_msgs/include/micro_ros_msgs/micro_ros_msgs/msg/detail/node__builder.hpp
[13.293s] -- Installing: /home/jpu/microros/install/micro_ros_msgs/include/micro_ros_msgs/micro_ros_msgs/msg/detail/graph__struct.hpp
[13.293s] -- Installing: /home/jpu/microros/install/micro_ros_msgs/include/micro_ros_msgs/micro_ros_msgs/msg/detail/graph__traits.hpp
[13.294s] -- Installing: /home/jpu/microros/install/micro_ros_msgs/include/micro_ros_msgs/micro_ros_msgs/msg/detail/graph__builder.hpp
[13.294s] -- Installing: /home/jpu/microros/install/micro_ros_msgs/include/micro_ros_msgs/micro_ros_msgs/msg/detail/entity__struct.hpp
[13.295s] -- Installing: /home/jpu/microros/install/micro_ros_msgs/include/micro_ros_msgs/micro_ros_msgs/msg/detail/entity__traits.hpp
[13.295s] -- Installing: /home/jpu/microros/install/micro_ros_msgs/include/micro_ros_msgs/micro_ros_msgs/msg/detail/node__struct.hpp
[13.296s] -- Installing: /home/jpu/microros/install/micro_ros_msgs/include/micro_ros_msgs/micro_ros_msgs/msg/detail/node__traits.hpp
[13.296s] -- Installing: /home/jpu/microros/install/micro_ros_msgs/include/micro_ros_msgs/micro_ros_msgs/msg/graph.hpp
[13.297s] -- Installing: /home/jpu/microros/install/micro_ros_msgs/include/micro_ros_msgs/micro_ros_msgs/msg/entity.hpp
[13.297s] -- Up-to-date: /home/jpu/microros/install/micro_ros_msgs/include/micro_ros_msgs/micro_ros_msgs
[13.298s] -- Up-to-date: /home/jpu/microros/install/micro_ros_msgs/include/micro_ros_msgs/micro_ros_msgs/msg
[13.298s] -- Installing: /home/jpu/microros/install/micro_ros_msgs/include/micro_ros_msgs/micro_ros_msgs/msg/rosidl_typesupport_fastrtps_cpp__visibility_control.h
[13.298s] -- Up-to-date: /home/jpu/microros/install/micro_ros_msgs/include/micro_ros_msgs/micro_ros_msgs/msg/detail
[13.298s] -- Installing: /home/jpu/microros/install/micro_ros_msgs/include/micro_ros_msgs/micro_ros_msgs/msg/detail/node__rosidl_typesupport_fastrtps_cpp.hpp
[13.299s] -- Installing: /home/jpu/microros/install/micro_ros_msgs/include/micro_ros_msgs/micro_ros_msgs/msg/detail/entity__rosidl_typesupport_fastrtps_cpp.hpp
[13.299s] -- Installing: /home/jpu/microros/install/micro_ros_msgs/include/micro_ros_msgs/micro_ros_msgs/msg/detail/graph__rosidl_typesupport_fastrtps_cpp.hpp
[13.300s] -- Installing: /home/jpu/microros/install/micro_ros_msgs/include/micro_ros_msgs/micro_ros_msgs/msg/detail/dds_fastrtps
[13.300s] -- Installing: /home/jpu/microros/install/micro_ros_msgs/lib/libmicro_ros_msgs__rosidl_typesupport_fastrtps_cpp.so
[13.302s] -- Set runtime path of "/home/jpu/microros/install/micro_ros_msgs/lib/libmicro_ros_msgs__rosidl_typesupport_fastrtps_cpp.so" to ""
[13.303s] -- Up-to-date: /home/jpu/microros/install/micro_ros_msgs/include/micro_ros_msgs/micro_ros_msgs
[13.303s] -- Up-to-date: /home/jpu/microros/install/micro_ros_msgs/include/micro_ros_msgs/micro_ros_msgs/msg
[13.303s] -- Up-to-date: /home/jpu/microros/install/micro_ros_msgs/include/micro_ros_msgs/micro_ros_msgs/msg/detail
[13.304s] -- Installing: /home/jpu/microros/install/micro_ros_msgs/include/micro_ros_msgs/micro_ros_msgs/msg/detail/entity__type_support.cpp
[13.304s] -- Installing: /home/jpu/microros/install/micro_ros_msgs/include/micro_ros_msgs/micro_ros_msgs/msg/detail/graph__rosidl_typesupport_introspection_cpp.hpp
[13.304s] -- Installing: /home/jpu/microros/install/micro_ros_msgs/include/micro_ros_msgs/micro_ros_msgs/msg/detail/graph__type_support.cpp
[13.305s] -- Installing: /home/jpu/microros/install/micro_ros_msgs/include/micro_ros_msgs/micro_ros_msgs/msg/detail/node__type_support.cpp
[13.305s] -- Installing: /home/jpu/microros/install/micro_ros_msgs/include/micro_ros_msgs/micro_ros_msgs/msg/detail/entity__rosidl_typesupport_introspection_cpp.hpp
[13.305s] -- Installing: /home/jpu/microros/install/micro_ros_msgs/include/micro_ros_msgs/micro_ros_msgs/msg/detail/node__rosidl_typesupport_introspection_cpp.hpp
[13.306s] -- Installing: /home/jpu/microros/install/micro_ros_msgs/lib/libmicro_ros_msgs__rosidl_typesupport_introspection_cpp.so
[13.307s] -- Set runtime path of "/home/jpu/microros/install/micro_ros_msgs/lib/libmicro_ros_msgs__rosidl_typesupport_introspection_cpp.so" to ""
[13.308s] -- Installing: /home/jpu/microros/install/micro_ros_msgs/lib/libmicro_ros_msgs__rosidl_typesupport_cpp.so
[13.309s] -- Set runtime path of "/home/jpu/microros/install/micro_ros_msgs/lib/libmicro_ros_msgs__rosidl_typesupport_cpp.so" to ""
[13.309s] -- Installing: /home/jpu/microros/install/micro_ros_msgs/share/micro_ros_msgs/environment/pythonpath.sh
[13.310s] -- Installing: /home/jpu/microros/install/micro_ros_msgs/share/micro_ros_msgs/environment/pythonpath.dsv
[13.310s] -- Installing: /home/jpu/microros/install/micro_ros_msgs/local/lib/python3.10/dist-packages/micro_ros_msgs-3.0.0-py3.10.egg-info
[13.311s] -- Installing: /home/jpu/microros/install/micro_ros_msgs/local/lib/python3.10/dist-packages/micro_ros_msgs-3.0.0-py3.10.egg-info/SOURCES.txt
[13.311s] -- Installing: /home/jpu/microros/install/micro_ros_msgs/local/lib/python3.10/dist-packages/micro_ros_msgs-3.0.0-py3.10.egg-info/PKG-INFO
[13.312s] -- Installing: /home/jpu/microros/install/micro_ros_msgs/local/lib/python3.10/dist-packages/micro_ros_msgs-3.0.0-py3.10.egg-info/dependency_links.txt
[13.312s] -- Installing: /home/jpu/microros/install/micro_ros_msgs/local/lib/python3.10/dist-packages/micro_ros_msgs-3.0.0-py3.10.egg-info/top_level.txt
[13.312s] -- Installing: /home/jpu/microros/install/micro_ros_msgs/local/lib/python3.10/dist-packages/micro_ros_msgs
[13.313s] -- Installing: /home/jpu/microros/install/micro_ros_msgs/local/lib/python3.10/dist-packages/micro_ros_msgs/libmicro_ros_msgs__rosidl_generator_py.so
[13.313s] -- Installing: /home/jpu/microros/install/micro_ros_msgs/local/lib/python3.10/dist-packages/micro_ros_msgs/micro_ros_msgs_s__rosidl_typesupport_fastrtps_c.cpython-310-x86_64-linux-gnu.so
[13.314s] -- Installing: /home/jpu/microros/install/micro_ros_msgs/local/lib/python3.10/dist-packages/micro_ros_msgs/_micro_ros_msgs_s.ep.rosidl_typesupport_introspection_c.c
[13.315s] -- Installing: /home/jpu/microros/install/micro_ros_msgs/local/lib/python3.10/dist-packages/micro_ros_msgs/_micro_ros_msgs_s.ep.rosidl_typesupport_c.c
[13.315s] -- Installing: /home/jpu/microros/install/micro_ros_msgs/local/lib/python3.10/dist-packages/micro_ros_msgs/_micro_ros_msgs_s.ep.rosidl_typesupport_fastrtps_c.c
[13.315s] -- Installing: /home/jpu/microros/install/micro_ros_msgs/local/lib/python3.10/dist-packages/micro_ros_msgs/micro_ros_msgs_s__rosidl_typesupport_introspection_c.cpython-310-x86_64-linux-gnu.so
[13.316s] -- Installing: /home/jpu/microros/install/micro_ros_msgs/local/lib/python3.10/dist-packages/micro_ros_msgs/micro_ros_msgs_s__rosidl_typesupport_c.cpython-310-x86_64-linux-gnu.so
[13.316s] -- Installing: /home/jpu/microros/install/micro_ros_msgs/local/lib/python3.10/dist-packages/micro_ros_msgs/__init__.py
[13.317s] -- Installing: /home/jpu/microros/install/micro_ros_msgs/local/lib/python3.10/dist-packages/micro_ros_msgs/msg
[13.318s] -- Installing: /home/jpu/microros/install/micro_ros_msgs/local/lib/python3.10/dist-packages/micro_ros_msgs/msg/_entity_s.c
[13.318s] -- Installing: /home/jpu/microros/install/micro_ros_msgs/local/lib/python3.10/dist-packages/micro_ros_msgs/msg/_entity.py
[13.318s] -- Installing: /home/jpu/microros/install/micro_ros_msgs/local/lib/python3.10/dist-packages/micro_ros_msgs/msg/_graph.py
[13.319s] -- Installing: /home/jpu/microros/install/micro_ros_msgs/local/lib/python3.10/dist-packages/micro_ros_msgs/msg/_node.py
[13.319s] -- Installing: /home/jpu/microros/install/micro_ros_msgs/local/lib/python3.10/dist-packages/micro_ros_msgs/msg/__init__.py
[13.319s] -- Installing: /home/jpu/microros/install/micro_ros_msgs/local/lib/python3.10/dist-packages/micro_ros_msgs/msg/_graph_s.c
[13.320s] -- Installing: /home/jpu/microros/install/micro_ros_msgs/local/lib/python3.10/dist-packages/micro_ros_msgs/msg/_node_s.c
[13.422s] Listing '/home/jpu/microros/install/micro_ros_msgs/local/lib/python3.10/dist-packages/micro_ros_msgs'...
[13.422s] Compiling '/home/jpu/microros/install/micro_ros_msgs/local/lib/python3.10/dist-packages/micro_ros_msgs/__init__.py'...
[13.422s] Listing '/home/jpu/microros/install/micro_ros_msgs/local/lib/python3.10/dist-packages/micro_ros_msgs/msg'...
[13.423s] Compiling '/home/jpu/microros/install/micro_ros_msgs/local/lib/python3.10/dist-packages/micro_ros_msgs/msg/__init__.py'...
[13.423s] Compiling '/home/jpu/microros/install/micro_ros_msgs/local/lib/python3.10/dist-packages/micro_ros_msgs/msg/_entity.py'...
[13.423s] Compiling '/home/jpu/microros/install/micro_ros_msgs/local/lib/python3.10/dist-packages/micro_ros_msgs/msg/_graph.py'...
[13.423s] Compiling '/home/jpu/microros/install/micro_ros_msgs/local/lib/python3.10/dist-packages/micro_ros_msgs/msg/_node.py'...
[13.435s] -- Installing: /home/jpu/microros/install/micro_ros_msgs/local/lib/python3.10/dist-packages/micro_ros_msgs/micro_ros_msgs_s__rosidl_typesupport_fastrtps_c.cpython-310-x86_64-linux-gnu.so
[13.437s] -- Set runtime path of "/home/jpu/microros/install/micro_ros_msgs/local/lib/python3.10/dist-packages/micro_ros_msgs/micro_ros_msgs_s__rosidl_typesupport_fastrtps_c.cpython-310-x86_64-linux-gnu.so" to ""
[13.438s] -- Installing: /home/jpu/microros/install/micro_ros_msgs/local/lib/python3.10/dist-packages/micro_ros_msgs/micro_ros_msgs_s__rosidl_typesupport_introspection_c.cpython-310-x86_64-linux-gnu.so
[13.439s] -- Set runtime path of "/home/jpu/microros/install/micro_ros_msgs/local/lib/python3.10/dist-packages/micro_ros_msgs/micro_ros_msgs_s__rosidl_typesupport_introspection_c.cpython-310-x86_64-linux-gnu.so" to ""
[13.440s] -- Installing: /home/jpu/microros/install/micro_ros_msgs/local/lib/python3.10/dist-packages/micro_ros_msgs/micro_ros_msgs_s__rosidl_typesupport_c.cpython-310-x86_64-linux-gnu.so
[13.441s] -- Set runtime path of "/home/jpu/microros/install/micro_ros_msgs/local/lib/python3.10/dist-packages/micro_ros_msgs/micro_ros_msgs_s__rosidl_typesupport_c.cpython-310-x86_64-linux-gnu.so" to ""
[13.441s] -- Installing: /home/jpu/microros/install/micro_ros_msgs/lib/libmicro_ros_msgs__rosidl_generator_py.so
[13.442s] -- Set runtime path of "/home/jpu/microros/install/micro_ros_msgs/lib/libmicro_ros_msgs__rosidl_generator_py.so" to ""
[13.443s] -- Installing: /home/jpu/microros/install/micro_ros_msgs/share/micro_ros_msgs/msg/Graph.idl
[13.443s] -- Installing: /home/jpu/microros/install/micro_ros_msgs/share/micro_ros_msgs/msg/Node.idl
[13.444s] -- Installing: /home/jpu/microros/install/micro_ros_msgs/share/micro_ros_msgs/msg/Entity.idl
[13.444s] -- Installing: /home/jpu/microros/install/micro_ros_msgs/share/micro_ros_msgs/msg/Graph.msg
[13.445s] -- Installing: /home/jpu/microros/install/micro_ros_msgs/share/micro_ros_msgs/msg/Node.msg
[13.445s] -- Installing: /home/jpu/microros/install/micro_ros_msgs/share/micro_ros_msgs/msg/Entity.msg
[13.446s] -- Installing: /home/jpu/microros/install/micro_ros_msgs/share/ament_index/resource_index/package_run_dependencies/micro_ros_msgs
[13.446s] -- Installing: /home/jpu/microros/install/micro_ros_msgs/share/ament_index/resource_index/parent_prefix_path/micro_ros_msgs
[13.447s] -- Installing: /home/jpu/microros/install/micro_ros_msgs/share/micro_ros_msgs/environment/ament_prefix_path.sh
[13.447s] -- Installing: /home/jpu/microros/install/micro_ros_msgs/share/micro_ros_msgs/environment/ament_prefix_path.dsv
[13.448s] -- Installing: /home/jpu/microros/install/micro_ros_msgs/share/micro_ros_msgs/environment/path.sh
[13.448s] -- Installing: /home/jpu/microros/install/micro_ros_msgs/share/micro_ros_msgs/environment/path.dsv
[13.449s] -- Installing: /home/jpu/microros/install/micro_ros_msgs/share/micro_ros_msgs/local_setup.bash
[13.449s] -- Installing: /home/jpu/microros/install/micro_ros_msgs/share/micro_ros_msgs/local_setup.sh
[13.450s] -- Installing: /home/jpu/microros/install/micro_ros_msgs/share/micro_ros_msgs/local_setup.zsh
[13.450s] -- Installing: /home/jpu/microros/install/micro_ros_msgs/share/micro_ros_msgs/local_setup.dsv
[13.451s] -- Installing: /home/jpu/microros/install/micro_ros_msgs/share/micro_ros_msgs/package.dsv
[13.451s] -- Installing: /home/jpu/microros/install/micro_ros_msgs/share/ament_index/resource_index/packages/micro_ros_msgs
[13.452s] -- Installing: /home/jpu/microros/install/micro_ros_msgs/share/micro_ros_msgs/cmake/export_micro_ros_msgs__rosidl_generator_cExport.cmake
[13.452s] -- Installing: /home/jpu/microros/install/micro_ros_msgs/share/micro_ros_msgs/cmake/export_micro_ros_msgs__rosidl_generator_cExport-noconfig.cmake
[13.453s] -- Installing: /home/jpu/microros/install/micro_ros_msgs/share/micro_ros_msgs/cmake/export_micro_ros_msgs__rosidl_typesupport_fastrtps_cExport.cmake
[13.453s] -- Installing: /home/jpu/microros/install/micro_ros_msgs/share/micro_ros_msgs/cmake/export_micro_ros_msgs__rosidl_typesupport_fastrtps_cExport-noconfig.cmake
[13.454s] -- Installing: /home/jpu/microros/install/micro_ros_msgs/share/micro_ros_msgs/cmake/micro_ros_msgs__rosidl_typesupport_introspection_cExport.cmake
[13.455s] -- Installing: /home/jpu/microros/install/micro_ros_msgs/share/micro_ros_msgs/cmake/micro_ros_msgs__rosidl_typesupport_introspection_cExport-noconfig.cmake
[13.455s] -- Installing: /home/jpu/microros/install/micro_ros_msgs/share/micro_ros_msgs/cmake/micro_ros_msgs__rosidl_typesupport_cExport.cmake
[13.456s] -- Installing: /home/jpu/microros/install/micro_ros_msgs/share/micro_ros_msgs/cmake/micro_ros_msgs__rosidl_typesupport_cExport-noconfig.cmake
[13.456s] -- Installing: /home/jpu/microros/install/micro_ros_msgs/share/micro_ros_msgs/cmake/export_micro_ros_msgs__rosidl_generator_cppExport.cmake
[13.457s] -- Installing: /home/jpu/microros/install/micro_ros_msgs/share/micro_ros_msgs/cmake/export_micro_ros_msgs__rosidl_typesupport_fastrtps_cppExport.cmake
[13.457s] -- Installing: /home/jpu/microros/install/micro_ros_msgs/share/micro_ros_msgs/cmake/export_micro_ros_msgs__rosidl_typesupport_fastrtps_cppExport-noconfig.cmake
[13.458s] -- Installing: /home/jpu/microros/install/micro_ros_msgs/share/micro_ros_msgs/cmake/micro_ros_msgs__rosidl_typesupport_introspection_cppExport.cmake
[13.458s] -- Installing: /home/jpu/microros/install/micro_ros_msgs/share/micro_ros_msgs/cmake/micro_ros_msgs__rosidl_typesupport_introspection_cppExport-noconfig.cmake
[13.459s] -- Installing: /home/jpu/microros/install/micro_ros_msgs/share/micro_ros_msgs/cmake/micro_ros_msgs__rosidl_typesupport_cppExport.cmake
[13.459s] -- Installing: /home/jpu/microros/install/micro_ros_msgs/share/micro_ros_msgs/cmake/micro_ros_msgs__rosidl_typesupport_cppExport-noconfig.cmake
[13.460s] -- Installing: /home/jpu/microros/install/micro_ros_msgs/share/micro_ros_msgs/cmake/export_micro_ros_msgs__rosidl_generator_pyExport.cmake
[13.460s] -- Installing: /home/jpu/microros/install/micro_ros_msgs/share/micro_ros_msgs/cmake/export_micro_ros_msgs__rosidl_generator_pyExport-noconfig.cmake
[13.461s] -- Installing: /home/jpu/microros/install/micro_ros_msgs/share/micro_ros_msgs/cmake/rosidl_cmake-extras.cmake
[13.461s] -- Installing: /home/jpu/microros/install/micro_ros_msgs/share/micro_ros_msgs/cmake/ament_cmake_export_include_directories-extras.cmake
[13.462s] -- Installing: /home/jpu/microros/install/micro_ros_msgs/share/micro_ros_msgs/cmake/ament_cmake_export_libraries-extras.cmake
[13.462s] -- Installing: /home/jpu/microros/install/micro_ros_msgs/share/micro_ros_msgs/cmake/ament_cmake_export_targets-extras.cmake
[13.463s] -- Installing: /home/jpu/microros/install/micro_ros_msgs/share/micro_ros_msgs/cmake/rosidl_cmake_export_typesupport_targets-extras.cmake
[13.463s] -- Installing: /home/jpu/microros/install/micro_ros_msgs/share/micro_ros_msgs/cmake/ament_cmake_export_dependencies-extras.cmake
[13.464s] -- Installing: /home/jpu/microros/install/micro_ros_msgs/share/micro_ros_msgs/cmake/rosidl_cmake_export_typesupport_libraries-extras.cmake
[13.464s] -- Installing: /home/jpu/microros/install/micro_ros_msgs/share/micro_ros_msgs/cmake/micro_ros_msgsConfig.cmake
[13.465s] -- Installing: /home/jpu/microros/install/micro_ros_msgs/share/micro_ros_msgs/cmake/micro_ros_msgsConfig-version.cmake
[13.465s] -- Installing: /home/jpu/microros/install/micro_ros_msgs/share/micro_ros_msgs/package.xml
[13.473s] Invoked command in '/home/jpu/microros/build/micro_ros_msgs' returned '0': CMAKE_PREFIX_PATH=${CMAKE_PREFIX_PATH}:/opt/ros/humble /usr/bin/cmake --install /home/jpu/microros/build/micro_ros_msgs
